<?xml version="1.0" encoding="UTF-8"?>
<coverage generated="1643583472657" clover="3.2.0">
  <project timestamp="1643583472657" name="All files">
    <metrics statements="28" coveredstatements="14" conditionals="15" coveredconditionals="4" methods="9" coveredmethods="2" elements="52" coveredelements="20" complexity="0" loc="28" ncloc="28" packages="3" files="3" classes="3"/>
    <package name="components.VideoElement">
      <metrics statements="17" coveredstatements="14" conditionals="11" coveredconditionals="4" methods="4" coveredmethods="2"/>
      <file name="VideoElement.jsx" path="C:\Users\DarynaOliinyk\WebstormProjects\Genesis_HW\src\components\VideoElement\VideoElement.jsx">
        <metrics statements="17" coveredstatements="14" conditionals="11" coveredconditionals="4" methods="4" coveredmethods="2"/>
        <line num="9" count="1" type="stmt"/>
        <line num="12" count="5" type="stmt"/>
        <line num="13" count="5" type="stmt"/>
        <line num="15" count="5" type="stmt"/>
        <line num="19" count="5" type="stmt"/>
        <line num="20" count="0" type="cond" truecount="0" falsecount="2"/>
        <line num="23" count="5" type="stmt"/>
        <line num="24" count="0" type="cond" truecount="0" falsecount="4"/>
        <line num="26" count="0" type="stmt"/>
        <line num="29" count="5" type="stmt"/>
        <line num="30" count="1" type="stmt"/>
        <line num="31" count="1" type="stmt"/>
        <line num="34" count="5" type="stmt"/>
        <line num="38" count="5" type="cond" truecount="1" falsecount="1"/>
        <line num="40" count="5" type="stmt"/>
        <line num="60" count="1" type="stmt"/>
        <line num="68" count="1" type="stmt"/>
      </file>
    </package>
    <package name="helpers">
      <metrics statements="2" coveredstatements="0" conditionals="2" coveredconditionals="0" methods="1" coveredmethods="0"/>
      <file name="videoController.js" path="C:\Users\DarynaOliinyk\WebstormProjects\Genesis_HW\src\helpers\videoController.js">
        <metrics statements="2" coveredstatements="0" conditionals="2" coveredconditionals="0" methods="1" coveredmethods="0"/>
        <line num="2" count="0" type="cond" truecount="0" falsecount="2"/>
        <line num="3" count="0" type="stmt"/>
      </file>
    </package>
    <package name="pages.Trending">
      <metrics statements="9" coveredstatements="0" conditionals="2" coveredconditionals="0" methods="4" coveredmethods="0"/>
      <file name="Trending.jsx" path="C:\Users\DarynaOliinyk\WebstormProjects\Genesis_HW\src\pages\Trending\Trending.jsx">
        <metrics statements="9" coveredstatements="0" conditionals="2" coveredconditionals="0" methods="4" coveredmethods="0"/>
        <line num="7" count="0" type="stmt"/>
        <line num="8" count="0" type="stmt"/>
        <line num="10" count="0" type="stmt"/>
        <line num="11" count="0" type="stmt"/>
        <line num="14" count="0" type="stmt"/>
        <line num="18" count="0" type="stmt"/>
        <line num="28" count="0" type="stmt"/>
        <line num="29" count="0" type="stmt"/>
        <line num="32" count="0" type="stmt"/>
      </file>
    </package>
  </project>
</coverage>
