{"C:\\Users\\DarynaOliinyk\\WebstormProjects\\Genesis_HW\\src\\components\\VideoElement\\VideoElement.jsx": {"path":"C:\\Users\\DarynaOliinyk\\WebstormProjects\\Genesis_HW\\src\\components\\VideoElement\\VideoElement.jsx","statementMap":{"0":{"start":{"line":9,"column":21},"end":{"line":58,"column":1}},"1":{"start":{"line":12,"column":30},"end":{"line":12,"column":45}},"2":{"start":{"line":13,"column":23},"end":{"line":13,"column":35}},"3":{"start":{"line":15,"column":33},"end":{"line":17,"column":4}},"4":{"start":{"line":19,"column":2},"end":{"line":21,"column":26}},"5":{"start":{"line":20,"column":4},"end":{"line":20,"column":35}},"6":{"start":{"line":23,"column":2},"end":{"line":27,"column":51}},"7":{"start":{"line":24,"column":4},"end":{"line":24,"column":38}},"8":{"start":{"line":24,"column":32},"end":{"line":24,"column":38}},"9":{"start":{"line":26,"column":4},"end":{"line":26,"column":50}},"10":{"start":{"line":29,"column":23},"end":{"line":32,"column":3}},"11":{"start":{"line":30,"column":4},"end":{"line":30,"column":49}},"12":{"start":{"line":31,"column":4},"end":{"line":31,"column":22}},"13":{"start":{"line":34,"column":24},"end":{"line":36,"column":4}},"14":{"start":{"line":38,"column":22},"end":{"line":38,"column":44}},"15":{"start":{"line":40,"column":2},"end":{"line":57,"column":3}},"16":{"start":{"line":60,"column":0},"end":{"line":66,"column":1}},"17":{"start":{"line":68,"column":0},"end":{"line":73,"column":1}}},"fnMap":{"0":{"name":"(anonymous_0)","decl":{"start":{"line":9,"column":21},"end":{"line":9,"column":22}},"loc":{"start":{"line":11,"column":3},"end":{"line":58,"column":1}},"line":11},"1":{"name":"(anonymous_1)","decl":{"start":{"line":19,"column":12},"end":{"line":19,"column":13}},"loc":{"start":{"line":19,"column":18},"end":{"line":21,"column":3}},"line":19},"2":{"name":"(anonymous_2)","decl":{"start":{"line":23,"column":12},"end":{"line":23,"column":13}},"loc":{"start":{"line":23,"column":18},"end":{"line":27,"column":3}},"line":23},"3":{"name":"(anonymous_3)","decl":{"start":{"line":29,"column":23},"end":{"line":29,"column":24}},"loc":{"start":{"line":29,"column":29},"end":{"line":32,"column":3}},"line":29}},"branchMap":{"0":{"loc":{"start":{"line":20,"column":14},"end":{"line":20,"column":34}},"type":"binary-expr","locations":[{"start":{"line":20,"column":14},"end":{"line":20,"column":20}},{"start":{"line":20,"column":24},"end":{"line":20,"column":34}}],"line":20},"1":{"loc":{"start":{"line":24,"column":4},"end":{"line":24,"column":38}},"type":"if","locations":[{"start":{"line":24,"column":4},"end":{"line":24,"column":38}},{"start":{},"end":{}}],"line":24},"2":{"loc":{"start":{"line":24,"column":8},"end":{"line":24,"column":30}},"type":"binary-expr","locations":[{"start":{"line":24,"column":8},"end":{"line":24,"column":19}},{"start":{"line":24,"column":23},"end":{"line":24,"column":30}}],"line":24},"3":{"loc":{"start":{"line":35,"column":17},"end":{"line":35,"column":48}},"type":"binary-expr","locations":[{"start":{"line":35,"column":17},"end":{"line":35,"column":27}},{"start":{"line":35,"column":31},"end":{"line":35,"column":38}},{"start":{"line":35,"column":42},"end":{"line":35,"column":48}}],"line":35},"4":{"loc":{"start":{"line":38,"column":22},"end":{"line":38,"column":44}},"type":"cond-expr","locations":[{"start":{"line":38,"column":31},"end":{"line":38,"column":39}},{"start":{"line":38,"column":42},"end":{"line":38,"column":44}}],"line":38}},"s":{"0":1,"1":5,"2":5,"3":5,"4":5,"5":0,"6":5,"7":0,"8":0,"9":0,"10":5,"11":1,"12":1,"13":5,"14":5,"15":5,"16":1,"17":1},"f":{"0":5,"1":0,"2":0,"3":1},"b":{"0":[0,0],"1":[0,0],"2":[0,0],"3":[5,5,4],"4":[5,0]},"_coverageSchema":"1a1c01bbd47fc00a2c39e90264f33305004495a9","hash":"c197ce27f5f375ea73caefa2a5b737abac521381"}
,"C:\\Users\\DarynaOliinyk\\WebstormProjects\\Genesis_HW\\src\\helpers\\videoController.js": {"path":"C:\\Users\\DarynaOliinyk\\WebstormProjects\\Genesis_HW\\src\\helpers\\videoController.js","statementMap":{"0":{"start":{"line":2,"column":2},"end":{"line":3,"column":19}},"1":{"start":{"line":2,"column":15},"end":{"line":2,"column":28}},"2":{"start":{"line":3,"column":7},"end":{"line":3,"column":19}}},"fnMap":{"0":{"name":"(anonymous_0)","decl":{"start":{"line":1,"column":15},"end":{"line":1,"column":16}},"loc":{"start":{"line":1,"column":35},"end":{"line":4,"column":1}},"line":1}},"branchMap":{"0":{"loc":{"start":{"line":2,"column":2},"end":{"line":3,"column":19}},"type":"if","locations":[{"start":{"line":2,"column":2},"end":{"line":3,"column":19}},{"start":{"line":3,"column":7},"end":{"line":3,"column":19}}],"line":2}},"s":{"0":0,"1":0,"2":0},"f":{"0":0},"b":{"0":[0,0]},"_coverageSchema":"1a1c01bbd47fc00a2c39e90264f33305004495a9","hash":"a693d4bcd92417aceecae67c4a9a4e6e2199eda5"}
,"C:\\Users\\DarynaOliinyk\\WebstormProjects\\Genesis_HW\\src\\pages\\Trending\\Trending.jsx": {"path":"C:\\Users\\DarynaOliinyk\\WebstormProjects\\Genesis_HW\\src\\pages\\Trending\\Trending.jsx","statementMap":{"0":{"start":{"line":7,"column":17},"end":{"line":26,"column":1}},"1":{"start":{"line":8,"column":28},"end":{"line":8,"column":40}},"2":{"start":{"line":10,"column":2},"end":{"line":12,"column":8}},"3":{"start":{"line":11,"column":4},"end":{"line":11,"column":32}},"4":{"start":{"line":14,"column":2},"end":{"line":25,"column":3}},"5":{"start":{"line":18,"column":8},"end":{"line":22,"column":10}},"6":{"start":{"line":28,"column":0},"end":{"line":30,"column":1}},"7":{"start":{"line":29,"column":26},"end":{"line":29,"column":27}},"8":{"start":{"line":32,"column":0},"end":{"line":34,"column":1}}},"fnMap":{"0":{"name":"(anonymous_0)","decl":{"start":{"line":7,"column":17},"end":{"line":7,"column":18}},"loc":{"start":{"line":7,"column":49},"end":{"line":26,"column":1}},"line":7},"1":{"name":"(anonymous_1)","decl":{"start":{"line":10,"column":12},"end":{"line":10,"column":13}},"loc":{"start":{"line":10,"column":18},"end":{"line":12,"column":3}},"line":10},"2":{"name":"(anonymous_2)","decl":{"start":{"line":17,"column":27},"end":{"line":17,"column":28}},"loc":{"start":{"line":18,"column":8},"end":{"line":22,"column":10}},"line":18},"3":{"name":"(anonymous_3)","decl":{"start":{"line":29,"column":20},"end":{"line":29,"column":21}},"loc":{"start":{"line":29,"column":26},"end":{"line":29,"column":27}},"line":29}},"branchMap":{"0":{"loc":{"start":{"line":17,"column":8},"end":{"line":23,"column":8}},"type":"binary-expr","locations":[{"start":{"line":17,"column":8},"end":{"line":17,"column":13}},{"start":{"line":17,"column":17},"end":{"line":23,"column":8}}],"line":17}},"s":{"0":0,"1":0,"2":0,"3":0,"4":0,"5":0,"6":0,"7":0,"8":0},"f":{"0":0,"1":0,"2":0,"3":0},"b":{"0":[0,0]}}
}
