{"C:\\Users\\DarynaOliinyk\\WebstormProjects\\Genesis_HW\\src\\app\\index.jsx": {"path":"C:\\Users\\DarynaOliinyk\\WebstormProjects\\Genesis_HW\\src\\app\\index.jsx","statementMap":{"0":{"start":{"line":13,"column":20},"end":{"line":13,"column":52}},"1":{"start":{"line":15,"column":12},"end":{"line":37,"column":1}},"2":{"start":{"line":16,"column":19},"end":{"line":16,"column":32}},"3":{"start":{"line":17,"column":48},"end":{"line":17,"column":58}},"4":{"start":{"line":19,"column":2},"end":{"line":21,"column":8}},"5":{"start":{"line":20,"column":4},"end":{"line":20,"column":55}},"6":{"start":{"line":23,"column":34},"end":{"line":23,"column":88}},"7":{"start":{"line":23,"column":44},"end":{"line":23,"column":88}},"8":{"start":{"line":24,"column":2},"end":{"line":36,"column":3}}},"fnMap":{"0":{"name":"(anonymous_0)","decl":{"start":{"line":15,"column":12},"end":{"line":15,"column":13}},"loc":{"start":{"line":15,"column":24},"end":{"line":37,"column":1}},"line":15},"1":{"name":"(anonymous_1)","decl":{"start":{"line":19,"column":12},"end":{"line":19,"column":13}},"loc":{"start":{"line":19,"column":18},"end":{"line":21,"column":3}},"line":19},"2":{"name":"(anonymous_2)","decl":{"start":{"line":23,"column":34},"end":{"line":23,"column":35}},"loc":{"start":{"line":23,"column":44},"end":{"line":23,"column":88}},"line":23}},"branchMap":{},"s":{"0":1,"1":1,"2":3,"3":0,"4":0,"5":0,"6":0,"7":0,"8":0},"f":{"0":3,"1":0,"2":0},"b":{},"_coverageSchema":"1a1c01bbd47fc00a2c39e90264f33305004495a9","hash":"2a64618fde0557bd02ede26980d97058e3879748"}
,"C:\\Users\\DarynaOliinyk\\WebstormProjects\\Genesis_HW\\src\\components\\AvatarLink\\AvatarLink.jsx": {"path":"C:\\Users\\DarynaOliinyk\\WebstormProjects\\Genesis_HW\\src\\components\\AvatarLink\\AvatarLink.jsx","statementMap":{"0":{"start":{"line":6,"column":19},"end":{"line":34,"column":1}},"1":{"start":{"line":13,"column":29},"end":{"line":13,"column":59}},"2":{"start":{"line":13,"column":35},"end":{"line":13,"column":59}},"3":{"start":{"line":15,"column":28},"end":{"line":18,"column":3}},"4":{"start":{"line":20,"column":2},"end":{"line":33,"column":3}},"5":{"start":{"line":36,"column":0},"end":{"line":42,"column":1}},"6":{"start":{"line":41,"column":24},"end":{"line":41,"column":25}},"7":{"start":{"line":44,"column":0},"end":{"line":50,"column":1}}},"fnMap":{"0":{"name":"(anonymous_0)","decl":{"start":{"line":6,"column":19},"end":{"line":6,"column":20}},"loc":{"start":{"line":12,"column":3},"end":{"line":34,"column":1}},"line":12},"1":{"name":"(anonymous_1)","decl":{"start":{"line":13,"column":29},"end":{"line":13,"column":30}},"loc":{"start":{"line":13,"column":35},"end":{"line":13,"column":59}},"line":13},"2":{"name":"(anonymous_2)","decl":{"start":{"line":41,"column":18},"end":{"line":41,"column":19}},"loc":{"start":{"line":41,"column":24},"end":{"line":41,"column":25}},"line":41}},"branchMap":{},"s":{"0":2,"1":12,"2":1,"3":12,"4":12,"5":2,"6":0,"7":2},"f":{"0":12,"1":1,"2":0},"b":{},"_coverageSchema":"1a1c01bbd47fc00a2c39e90264f33305004495a9","hash":"76d7f7a33223a98a89a257fab5c2994d107caa97"}
,"C:\\Users\\DarynaOliinyk\\WebstormProjects\\Genesis_HW\\src\\components\\Hashtag\\Hashtag.jsx": {"path":"C:\\Users\\DarynaOliinyk\\WebstormProjects\\Genesis_HW\\src\\components\\Hashtag\\Hashtag.jsx","statementMap":{"0":{"start":{"line":5,"column":16},"end":{"line":14,"column":1}},"1":{"start":{"line":6,"column":2},"end":{"line":13,"column":3}},"2":{"start":{"line":16,"column":0},"end":{"line":19,"column":1}},"3":{"start":{"line":21,"column":0},"end":{"line":24,"column":1}}},"fnMap":{"0":{"name":"(anonymous_0)","decl":{"start":{"line":5,"column":16},"end":{"line":5,"column":17}},"loc":{"start":{"line":5,"column":46},"end":{"line":14,"column":1}},"line":5}},"branchMap":{},"s":{"0":2,"1":4,"2":2,"3":2},"f":{"0":4},"b":{},"_coverageSchema":"1a1c01bbd47fc00a2c39e90264f33305004495a9","hash":"b66545e7f13bb395dadba98afb3b19817bbd30dd"}
,"C:\\Users\\DarynaOliinyk\\WebstormProjects\\Genesis_HW\\src\\components\\InfoIcon\\InfoIcon.jsx": {"path":"C:\\Users\\DarynaOliinyk\\WebstormProjects\\Genesis_HW\\src\\components\\InfoIcon\\InfoIcon.jsx","statementMap":{"0":{"start":{"line":8,"column":17},"end":{"line":41,"column":1}},"1":{"start":{"line":18,"column":19},"end":{"line":18,"column":57}},"2":{"start":{"line":19,"column":21},"end":{"line":19,"column":41}},"3":{"start":{"line":21,"column":2},"end":{"line":40,"column":3}},"4":{"start":{"line":43,"column":0},"end":{"line":52,"column":1}},"5":{"start":{"line":54,"column":0},"end":{"line":72,"column":1}}},"fnMap":{"0":{"name":"(anonymous_0)","decl":{"start":{"line":8,"column":17},"end":{"line":8,"column":18}},"loc":{"start":{"line":17,"column":3},"end":{"line":41,"column":1}},"line":17}},"branchMap":{"0":{"loc":{"start":{"line":18,"column":19},"end":{"line":18,"column":57}},"type":"cond-expr","locations":[{"start":{"line":18,"column":30},"end":{"line":18,"column":52}},{"start":{"line":18,"column":55},"end":{"line":18,"column":57}}],"line":18},"1":{"loc":{"start":{"line":33,"column":7},"end":{"line":37,"column":7}},"type":"binary-expr","locations":[{"start":{"line":33,"column":7},"end":{"line":33,"column":11}},{"start":{"line":34,"column":6},"end":{"line":36,"column":13}}],"line":33},"2":{"loc":{"start":{"line":38,"column":7},"end":{"line":38,"column":73}},"type":"binary-expr","locations":[{"start":{"line":38,"column":7},"end":{"line":38,"column":17}},{"start":{"line":38,"column":21},"end":{"line":38,"column":73}}],"line":38}},"s":{"0":2,"1":1,"2":1,"3":1,"4":2,"5":2},"f":{"0":1},"b":{"0":[1,0],"1":[1,1],"2":[1,1]},"_coverageSchema":"1a1c01bbd47fc00a2c39e90264f33305004495a9","hash":"d8a000738ff4860215501450d5661a602b4bcba6"}
,"C:\\Users\\DarynaOliinyk\\WebstormProjects\\Genesis_HW\\src\\components\\Post\\Post.jsx": {"path":"C:\\Users\\DarynaOliinyk\\WebstormProjects\\Genesis_HW\\src\\components\\Post\\Post.jsx","statementMap":{"0":{"start":{"line":10,"column":13},"end":{"line":63,"column":1}},"1":{"start":{"line":18,"column":6},"end":{"line":18,"column":16}},"2":{"start":{"line":20,"column":2},"end":{"line":20,"column":26}},"3":{"start":{"line":20,"column":14},"end":{"line":20,"column":26}},"4":{"start":{"line":22,"column":38},"end":{"line":22,"column":43}},"5":{"start":{"line":23,"column":21},"end":{"line":23,"column":40}},"6":{"start":{"line":25,"column":2},"end":{"line":62,"column":3}},"7":{"start":{"line":47,"column":12},"end":{"line":47,"column":45}},"8":{"start":{"line":65,"column":0},"end":{"line":75,"column":1}},"9":{"start":{"line":74,"column":23},"end":{"line":74,"column":24}},"10":{"start":{"line":77,"column":0},"end":{"line":97,"column":1}}},"fnMap":{"0":{"name":"(anonymous_0)","decl":{"start":{"line":10,"column":13},"end":{"line":10,"column":14}},"loc":{"start":{"line":10,"column":35},"end":{"line":63,"column":1}},"line":10},"1":{"name":"(anonymous_1)","decl":{"start":{"line":46,"column":26},"end":{"line":46,"column":27}},"loc":{"start":{"line":47,"column":12},"end":{"line":47,"column":45}},"line":47},"2":{"name":"(anonymous_2)","decl":{"start":{"line":74,"column":17},"end":{"line":74,"column":18}},"loc":{"start":{"line":74,"column":23},"end":{"line":74,"column":24}},"line":74}},"branchMap":{"0":{"loc":{"start":{"line":20,"column":2},"end":{"line":20,"column":26}},"type":"if","locations":[{"start":{"line":20,"column":2},"end":{"line":20,"column":26}},{"start":{},"end":{}}],"line":20},"1":{"loc":{"start":{"line":29,"column":9},"end":{"line":35,"column":9}},"type":"binary-expr","locations":[{"start":{"line":29,"column":9},"end":{"line":29,"column":15}},{"start":{"line":30,"column":8},"end":{"line":34,"column":10}}],"line":29}},"s":{"0":1,"1":0,"2":0,"3":0,"4":0,"5":0,"6":0,"7":0,"8":1,"9":0,"10":1},"f":{"0":0,"1":0,"2":0},"b":{"0":[0,0],"1":[0,0]},"_coverageSchema":"1a1c01bbd47fc00a2c39e90264f33305004495a9","hash":"1315900d38be82da5cdf255c338736610440377a"}
,"C:\\Users\\DarynaOliinyk\\WebstormProjects\\Genesis_HW\\src\\components\\UserInfo\\UserInfo.jsx": {"path":"C:\\Users\\DarynaOliinyk\\WebstormProjects\\Genesis_HW\\src\\components\\UserInfo\\UserInfo.jsx","statementMap":{"0":{"start":{"line":6,"column":17},"end":{"line":29,"column":1}},"1":{"start":{"line":14,"column":2},"end":{"line":28,"column":3}},"2":{"start":{"line":31,"column":0},"end":{"line":38,"column":1}},"3":{"start":{"line":37,"column":24},"end":{"line":37,"column":25}},"4":{"start":{"line":40,"column":0},"end":{"line":50,"column":1}}},"fnMap":{"0":{"name":"(anonymous_0)","decl":{"start":{"line":6,"column":17},"end":{"line":6,"column":18}},"loc":{"start":{"line":13,"column":3},"end":{"line":29,"column":1}},"line":13},"1":{"name":"(anonymous_1)","decl":{"start":{"line":37,"column":18},"end":{"line":37,"column":19}},"loc":{"start":{"line":37,"column":24},"end":{"line":37,"column":25}},"line":37}},"branchMap":{"0":{"loc":{"start":{"line":26,"column":7},"end":{"line":26,"column":65}},"type":"binary-expr","locations":[{"start":{"line":26,"column":7},"end":{"line":26,"column":14}},{"start":{"line":26,"column":18},"end":{"line":26,"column":65}}],"line":26}},"s":{"0":1,"1":0,"2":1,"3":0,"4":1},"f":{"0":0,"1":0},"b":{"0":[0,0]},"_coverageSchema":"1a1c01bbd47fc00a2c39e90264f33305004495a9","hash":"318809b6c15724cd5b670718cfea3eb58672637b"}
,"C:\\Users\\DarynaOliinyk\\WebstormProjects\\Genesis_HW\\src\\pages\\Trending\\Trending.jsx": {"path":"C:\\Users\\DarynaOliinyk\\WebstormProjects\\Genesis_HW\\src\\pages\\Trending\\Trending.jsx","statementMap":{"0":{"start":{"line":7,"column":17},"end":{"line":25,"column":1}},"1":{"start":{"line":8,"column":28},"end":{"line":8,"column":40}},"2":{"start":{"line":10,"column":2},"end":{"line":12,"column":8}},"3":{"start":{"line":11,"column":4},"end":{"line":11,"column":32}},"4":{"start":{"line":14,"column":2},"end":{"line":24,"column":3}},"5":{"start":{"line":17,"column":8},"end":{"line":21,"column":10}},"6":{"start":{"line":27,"column":0},"end":{"line":29,"column":1}},"7":{"start":{"line":28,"column":26},"end":{"line":28,"column":27}},"8":{"start":{"line":31,"column":0},"end":{"line":33,"column":1}}},"fnMap":{"0":{"name":"(anonymous_0)","decl":{"start":{"line":7,"column":17},"end":{"line":7,"column":18}},"loc":{"start":{"line":7,"column":49},"end":{"line":25,"column":1}},"line":7},"1":{"name":"(anonymous_1)","decl":{"start":{"line":10,"column":12},"end":{"line":10,"column":13}},"loc":{"start":{"line":10,"column":18},"end":{"line":12,"column":3}},"line":10},"2":{"name":"(anonymous_2)","decl":{"start":{"line":16,"column":27},"end":{"line":16,"column":28}},"loc":{"start":{"line":17,"column":8},"end":{"line":21,"column":10}},"line":17},"3":{"name":"(anonymous_3)","decl":{"start":{"line":28,"column":20},"end":{"line":28,"column":21}},"loc":{"start":{"line":28,"column":26},"end":{"line":28,"column":27}},"line":28}},"branchMap":{"0":{"loc":{"start":{"line":16,"column":8},"end":{"line":22,"column":8}},"type":"binary-expr","locations":[{"start":{"line":16,"column":8},"end":{"line":16,"column":13}},{"start":{"line":16,"column":17},"end":{"line":22,"column":8}}],"line":16}},"s":{"0":1,"1":0,"2":0,"3":0,"4":0,"5":0,"6":1,"7":0,"8":1},"f":{"0":0,"1":0,"2":0,"3":0},"b":{"0":[0,0]},"_coverageSchema":"1a1c01bbd47fc00a2c39e90264f33305004495a9","hash":"0bd7170cb386db4dff071fae069b8976f4266133"}
}
