TN:
SF:src\components\VideoElement\VideoElement.jsx
FN:9,(anonymous_0)
FN:19,(anonymous_1)
FN:23,(anonymous_2)
FN:29,(anonymous_3)
FNF:4
FNH:2
FNDA:5,(anonymous_0)
FNDA:0,(anonymous_1)
FNDA:0,(anonymous_2)
FNDA:1,(anonymous_3)
DA:9,1
DA:12,5
DA:13,5
DA:15,5
DA:19,5
DA:20,0
DA:23,5
DA:24,0
DA:26,0
DA:29,5
DA:30,1
DA:31,1
DA:34,5
DA:38,5
DA:40,5
DA:60,1
DA:68,1
LF:17
LH:14
BRDA:20,0,0,0
BRDA:20,0,1,0
BRDA:24,1,0,0
BRDA:24,1,1,0
BRDA:24,2,0,0
BRDA:24,2,1,0
BRDA:35,3,0,5
BRDA:35,3,1,5
BRDA:35,3,2,4
BRDA:38,4,0,5
BRDA:38,4,1,0
BRF:11
BRH:4
end_of_record
TN:
SF:src\helpers\videoController.js
FN:1,(anonymous_0)
FNF:1
FNH:0
FNDA:0,(anonymous_0)
DA:2,0
DA:3,0
LF:2
LH:0
BRDA:2,0,0,0
BRDA:2,0,1,0
BRF:2
BRH:0
end_of_record
TN:
SF:src\pages\Trending\Trending.jsx
FN:7,(anonymous_0)
FN:10,(anonymous_1)
FN:17,(anonymous_2)
FN:29,(anonymous_3)
FNF:4
FNH:0
FNDA:0,(anonymous_0)
FNDA:0,(anonymous_1)
FNDA:0,(anonymous_2)
FNDA:0,(anonymous_3)
DA:7,0
DA:8,0
DA:10,0
DA:11,0
DA:14,0
DA:18,0
DA:28,0
DA:29,0
DA:32,0
LF:9
LH:0
BRDA:17,0,0,0
BRDA:17,0,1,0
BRF:2
BRH:0
end_of_record
