TN:
SF:src\api\api.js
FN:9,(anonymous_0)
FN:20,(anonymous_1)
FN:22,(anonymous_2)
FNF:3
FNH:3
FNDA:2,(anonymous_0)
FNDA:2,(anonymous_1)
FNDA:2,(anonymous_2)
DA:7,3
DA:9,3
DA:10,2
DA:11,2
DA:13,2
DA:20,3
DA:22,3
LF:7
LH:7
BRDA:9,0,0,2
BRDA:9,1,0,2
BRF:2
BRH:2
end_of_record
TN:
SF:src\api\getTrendingFeed.js
FN:6,(anonymous_0)
FNF:1
FNH:1
FNDA:5,(anonymous_0)
DA:4,3
DA:6,5
LF:2
LH:2
BRF:0
BRH:0
end_of_record
TN:
SF:src\api\getUserFeed.js
FN:6,(anonymous_0)
FNF:1
FNH:1
FNDA:6,(anonymous_0)
DA:4,2
DA:7,6
DA:8,6
LF:3
LH:3
BRF:0
BRH:0
end_of_record
TN:
SF:src\api\getUserInfo.js
FN:6,(anonymous_0)
FNF:1
FNH:1
FNDA:9,(anonymous_0)
DA:4,2
DA:7,9
DA:8,9
LF:3
LH:3
BRF:0
BRH:0
end_of_record
TN:
SF:src\app\index.jsx
FN:15,(anonymous_0)
FN:19,(anonymous_1)
FN:23,(anonymous_2)
FN:24,(anonymous_3)
FNF:4
FNH:0
FNDA:0,(anonymous_0)
FNDA:0,(anonymous_1)
FNDA:0,(anonymous_2)
FNDA:0,(anonymous_3)
DA:13,0
DA:15,0
DA:16,0
DA:17,0
DA:19,0
DA:20,0
DA:23,0
DA:24,0
DA:26,0
LF:9
LH:0
BRF:0
BRH:0
end_of_record
TN:
SF:src\assets\constants.js
FNF:0
FNH:0
DA:1,5
LF:1
LH:1
BRF:0
BRH:0
end_of_record
TN:
SF:src\components\InfoIcon\InfoIcon.jsx
FN:8,(anonymous_0)
FNF:1
FNH:1
FNDA:8,(anonymous_0)
DA:8,9
DA:18,8
DA:19,8
DA:21,8
DA:43,9
DA:54,9
LF:6
LH:6
BRDA:18,0,0,8
BRDA:18,0,1,0
BRDA:33,1,0,8
BRDA:33,1,1,7
BRDA:38,2,0,8
BRDA:38,2,1,7
BRF:6
BRH:5
end_of_record
TN:
SF:src\components\MenuBar\MenuBar.jsx
FN:9,(anonymous_0)
FN:10,(anonymous_1)
FN:11,(anonymous_2)
FN:46,(anonymous_3)
FN:47,(anonymous_4)
FNF:5
FNH:3
FNDA:6,(anonymous_0)
FNDA:1,(anonymous_1)
FNDA:1,(anonymous_2)
FNDA:0,(anonymous_3)
FNDA:0,(anonymous_4)
DA:9,1
DA:10,6
DA:11,6
DA:13,6
DA:44,1
DA:46,0
DA:47,0
DA:50,1
LF:8
LH:6
BRDA:11,0,0,1
BRDA:11,0,1,1
BRDA:11,0,2,1
BRDA:32,1,0,3
BRDA:32,1,1,3
BRF:5
BRH:5
end_of_record
TN:
SF:src\components\Post\Post.jsx
FN:10,(anonymous_0)
FN:46,(anonymous_1)
FN:74,(anonymous_2)
FNF:3
FNH:2
FNDA:10,(anonymous_0)
FNDA:18,(anonymous_1)
FNDA:0,(anonymous_2)
DA:10,2
DA:18,10
DA:20,10
DA:22,9
DA:23,9
DA:25,9
DA:47,18
DA:65,2
DA:74,0
DA:77,2
LF:10
LH:9
BRDA:20,0,0,1
BRDA:20,0,1,9
BRDA:29,1,0,9
BRDA:29,1,1,8
BRF:4
BRH:4
end_of_record
TN:
SF:src\components\StatsInfo\StatsInfo.jsx
FN:6,(anonymous_0)
FNF:1
FNH:1
FNDA:5,(anonymous_0)
DA:6,2
DA:12,5
DA:37,2
DA:44,2
LF:4
LH:4
BRF:0
BRH:0
end_of_record
TN:
SF:src\components\UserInfo\UserInfo.jsx
FN:6,(anonymous_0)
FN:37,(anonymous_1)
FNF:2
FNH:1
FNDA:4,(anonymous_0)
FNDA:0,(anonymous_1)
DA:6,2
DA:14,4
DA:31,2
DA:37,0
DA:40,2
LF:5
LH:4
BRDA:26,0,0,4
BRDA:26,0,1,3
BRF:2
BRH:2
end_of_record
TN:
SF:src\components\UserProfile\UserProfile.jsx
FN:7,(anonymous_0)
FNF:1
FNH:1
FNDA:3,(anonymous_0)
DA:7,1
DA:8,3
DA:16,1
DA:21,1
LF:4
LH:4
BRDA:10,0,0,3
BRDA:10,0,1,2
BRDA:11,1,0,3
BRDA:11,1,1,2
BRF:4
BRH:4
end_of_record
TN:
SF:src\components\Video\Video.jsx
FN:8,(anonymous_0)
FN:21,(anonymous_1)
FNF:2
FNH:1
FNDA:3,(anonymous_0)
FNDA:0,(anonymous_1)
DA:8,5
DA:14,3
DA:16,3
DA:21,3
DA:22,0
DA:25,3
DA:30,3
DA:42,5
DA:50,5
LF:9
LH:8
BRDA:22,0,0,0
BRDA:22,0,1,0
BRDA:22,1,0,0
BRDA:22,1,1,0
BRF:4
BRH:0
end_of_record
TN:
SF:src\components\VideoElement\VideoElement.jsx
FN:9,(anonymous_0)
FN:19,(anonymous_1)
FN:23,(anonymous_2)
FN:29,(anonymous_3)
FNF:4
FNH:1
FNDA:2,(anonymous_0)
FNDA:0,(anonymous_1)
FNDA:0,(anonymous_2)
FNDA:0,(anonymous_3)
DA:9,6
DA:12,2
DA:13,2
DA:15,2
DA:19,2
DA:20,0
DA:23,2
DA:24,0
DA:26,0
DA:29,2
DA:30,0
DA:31,0
DA:34,2
DA:38,2
DA:40,2
DA:60,6
DA:68,6
LF:17
LH:12
BRDA:20,0,0,0
BRDA:20,0,1,0
BRDA:24,1,0,0
BRDA:24,1,1,0
BRDA:24,2,0,0
BRDA:24,2,1,0
BRDA:35,3,0,2
BRDA:35,3,1,2
BRDA:35,3,2,2
BRDA:38,4,0,2
BRDA:38,4,1,0
BRF:11
BRH:4
end_of_record
TN:
SF:src\components\VideoGlidElement\VideoGrigElement.jsx
FN:8,(anonymous_0)
FNF:1
FNH:1
FNDA:3,(anonymous_0)
DA:8,2
DA:9,3
DA:24,2
DA:29,2
LF:4
LH:4
BRF:0
BRH:0
end_of_record
TN:
SF:src\components\VideoGrid\VideoGrid.jsx
FN:6,(anonymous_0)
FN:9,(anonymous_1)
FNF:2
FNH:2
FNDA:4,(anonymous_0)
FNDA:9,(anonymous_1)
DA:6,1
DA:7,4
DA:10,9
DA:16,1
DA:20,1
LF:5
LH:5
BRF:0
BRH:0
end_of_record
TN:
SF:src\helpers\getPostParameters.js
FN:5,(anonymous_0)
FNF:1
FNH:1
FNDA:10,(anonymous_0)
DA:3,3
DA:6,10
DA:7,10
DA:9,10
DA:10,10
DA:12,10
LF:6
LH:6
BRF:0
BRH:0
end_of_record
TN:
SF:src\helpers\numberToText.js
FN:1,(anonymous_0)
FNF:1
FNH:1
FNDA:21,(anonymous_0)
DA:2,21
DA:4,21
DA:6,14
DA:8,4
DA:10,3
LF:5
LH:5
BRDA:2,0,0,0
BRDA:2,0,1,21
BRDA:4,1,0,14
BRDA:4,1,1,4
BRDA:4,1,2,3
BRF:5
BRH:4
end_of_record
TN:
SF:src\helpers\videoController.js
FN:1,(anonymous_0)
FNF:1
FNH:1
FNDA:2,(anonymous_0)
DA:2,2
DA:3,1
LF:2
LH:2
BRDA:2,0,0,1
BRDA:2,0,1,1
BRF:2
BRH:2
end_of_record
TN:
SF:src\pages\Trending\Trending.jsx
FN:7,(anonymous_0)
FN:10,(anonymous_1)
FN:16,(anonymous_2)
FN:28,(anonymous_3)
FNF:4
FNH:1
FNDA:1,(anonymous_0)
FNDA:0,(anonymous_1)
FNDA:0,(anonymous_2)
FNDA:0,(anonymous_3)
DA:7,1
DA:8,1
DA:10,1
DA:11,0
DA:14,1
DA:17,0
DA:27,1
DA:28,0
DA:31,1
LF:9
LH:6
BRDA:16,0,0,1
BRDA:16,0,1,1
BRF:2
BRH:2
end_of_record
TN:
SF:src\services\defaultMapper.js
FN:1,(anonymous_0)
FN:9,(anonymous_1)
FNF:2
FNH:2
FNDA:18,(anonymous_0)
FNDA:18,(anonymous_1)
DA:1,2
DA:2,18
DA:3,3
DA:5,15
DA:12,18
DA:13,18
DA:14,18
DA:16,18
DA:17,18
DA:19,0
DA:20,0
LF:11
LH:9
BRDA:2,0,0,3
BRDA:2,0,1,15
BRDA:16,1,0,16
BRDA:16,1,1,2
BRF:4
BRH:4
end_of_record
TN:
SF:src\services\trendingFeedMapper.js
FN:5,(anonymous_0)
FNF:1
FNH:1
FNDA:3,(anonymous_0)
DA:5,3
LF:1
LH:1
BRF:0
BRH:0
end_of_record
TN:
SF:src\services\userBaseInfoMapper.js
FN:3,(anonymous_0)
FNF:1
FNH:1
FNDA:3,(anonymous_0)
DA:4,3
DA:6,3
DA:8,3
DA:13,3
DA:14,1
DA:16,2
LF:6
LH:6
BRDA:6,0,0,0
BRDA:6,0,1,3
BRDA:13,1,0,1
BRDA:13,1,1,2
BRF:4
BRH:3
end_of_record
TN:
SF:src\services\userFeedMapper.js
FN:5,(anonymous_0)
FNF:1
FNH:1
FNDA:4,(anonymous_0)
DA:5,4
LF:1
LH:1
BRF:0
BRH:0
end_of_record
TN:
SF:src\services\userInfoMapper.js
FN:5,(anonymous_0)
FNF:1
FNH:1
FNDA:7,(anonymous_0)
DA:5,7
LF:1
LH:1
BRF:0
BRH:0
end_of_record
